<?xml version="1.0" encoding="UTF-8"?>
<!-- Generated by org.testng.reporters.JUnitXMLReporter -->
<testsuite hostname="LAPTOP-3M5A5R3N" ignored="2" name="Default test" tests="7" failures="0" timestamp="23 Feb 2019 01:57:18 GMT" time="13.401" errors="0">
  <testcase name="clickMenubutton" time="2.405" classname="app.pp.TeamPlanningTestPage"/>
  <testcase name="isTeamplanningButtonclicked" time="0.445" classname="app.pp.TeamPlanningTestPage"/>
  <testcase name="isAddnewButtonDisplayed" time="0.994" classname="app.pp.TeamPlanningTestPage"/>
  <testcase name="isFilterButtonisDisplayed" time="0.148" classname="app.pp.TeamPlanningTestPage"/>
  <testcase name="isSelectdDropdownListPresent" time="0.041" classname="app.pp.TeamPlanningTestPage"/>
  <testcase name="isAddNewbuttonClicked" time="0.133" classname="app.pp.TeamPlanningTestPage"/>
  <testcase name="isAddwithDetailsButtonclicked" time="0.11" classname="app.pp.TeamPlanningTestPage"/>
  <testcase name="verifyText" time="0.0" classname="app.pp.TeamPlanningTestPage">
    <ignored/>
  </testcase> <!-- verifyText -->
  <testcase name="isStorytypeSelected" time="0.0" classname="app.pp.TeamPlanningTestPage">
    <ignored/>
  </testcase> <!-- isStorytypeSelected -->
</testsuite> <!-- Default test -->
